Mplus VERSION 8.10
MUTHEN & MUTHEN
06/04/2024   4:58 PM

INPUT INSTRUCTIONS

  TITLE:
  1-Class
  DATA:
  FILE = "C:/Users/dinan/Box/IES_IMMERSE/Training Materials/
  in-person-training-2024/lab3-enumeration/enum/LSAL_data.dat";
  VARIABLE:
  NAMES = rand lsayid region urban gender mothed fathed raceth math_irt enjoy good
       undrstnd nervous scared useful logical job adult;
   MISSING=.;
   categorical = enjoy useful logical job adult;
  usevar = enjoy useful logical job adult;
  classes = c(1);
  ANALYSIS:
  estimator = mlr;
      type = mixture;
      starts =500 100;
  OUTPUT:
  tech11 tech14 svalues;



*** WARNING in OUTPUT command
  TECH11 option is not available for TYPE=MIXTURE with only one class.
  Request for TECH11 is ignored.
*** WARNING in OUTPUT command
  TECH14 option is not available for TYPE=MIXTURE with only one class.
  Request for TECH14 is ignored.
*** WARNING
  Data set contains cases with missing on all variables.
  These cases were not included in the analysis.
  Number of cases with missing on all variables:  441
   3 WARNING(S) FOUND IN THE INPUT INSTRUCTIONS




1-Class

SUMMARY OF ANALYSIS

Number of groups                                                 1
Number of observations                                        2675

Number of dependent variables                                    5
Number of independent variables                                  0
Number of continuous latent variables                            0
Number of categorical latent variables                           1

Observed dependent variables

  Binary and ordered categorical (ordinal)
   ENJOY       USEFUL      LOGICAL     JOB         ADULT

Categorical latent variables
   C


Estimator                                                      MLR
Information matrix                                        OBSERVED
Optimization Specifications for the Quasi-Newton Algorithm for
Continuous Outcomes
  Maximum number of iterations                                 100
  Convergence criterion                                  0.100D-05
Optimization Specifications for the EM Algorithm
  Maximum number of iterations                                 500
  Convergence criteria
    Loglikelihood change                                 0.100D-06
    Relative loglikelihood change                        0.100D-06
    Derivative                                           0.100D-05
Optimization Specifications for the M step of the EM Algorithm for
Categorical Latent variables
  Number of M step iterations                                    1
  M step convergence criterion                           0.100D-05
  Basis for M step termination                           ITERATION
Optimization Specifications for the M step of the EM Algorithm for
Censored, Binary or Ordered Categorical (Ordinal), Unordered
Categorical (Nominal) and Count Outcomes
  Number of M step iterations                                    1
  M step convergence criterion                           0.100D-05
  Basis for M step termination                           ITERATION
  Maximum value for logit thresholds                            15
  Minimum value for logit thresholds                           -15
  Minimum expected cell size for chi-square              0.100D-01
Maximum number of iterations for H1                           2000
Convergence criterion for H1                             0.100D-03
Optimization algorithm                                         EMA
Random Starts Specifications
  Number of initial stage random starts                        500
  Number of final stage optimizations                          100
  Number of initial stage iterations                            10
  Initial stage convergence criterion                    0.100D+01
  Random starts scale                                    0.500D+01
  Random seed for generating random starts                       0
Link                                                         LOGIT

Input data file(s)
  C:/Users/dinan/Box/IES_IMMERSE/Training Materials/in-person-training-2024/lab3
Input data format  FREE


SUMMARY OF DATA

     Number of missing data patterns            15
     Number of y missing data patterns           0
     Number of u missing data patterns          15


COVARIANCE COVERAGE OF DATA

Minimum covariance coverage value   0.100


     PROPORTION OF DATA PRESENT FOR U


           Covariance Coverage
              ENJOY         USEFUL        LOGICAL       JOB           ADULT
              ________      ________      ________      ________      ________
 ENJOY          0.997
 USEFUL         0.985         0.988
 LOGICAL        0.982         0.975         0.985
 JOB            0.977         0.970         0.969         0.980
 ADULT          0.987         0.979         0.977         0.975         0.990


UNIVARIATE PROPORTIONS AND COUNTS FOR CATEGORICAL VARIABLES

    ENJOY
      Category 1    0.331          884.000
      Category 2    0.669         1784.000
    USEFUL
      Category 1    0.305          807.000
      Category 2    0.695         1835.000
    LOGICAL
      Category 1    0.360          949.000
      Category 2    0.640         1686.000
    JOB
      Category 1    0.257          674.000
      Category 2    0.743         1947.000
    ADULT
      Category 1    0.298          790.000
      Category 2    0.702         1858.000


RANDOM STARTS RESULTS RANKED FROM THE BEST TO THE WORST LOGLIKELIHOOD VALUES

Final stage loglikelihood values at local maxima, seeds, and initial stage start numbers:

           -8150.351  unperturbed      0
           -8150.351  971853           402
           -8150.351  471040           403
           -8150.351  605565           404
           -8150.351  596257           405
           -8150.351  926797           406
           -8150.351  772131           407
           -8150.351  112586           494
           -8150.351  55115            408
           -8150.351  605161           409
           -8150.351  746978           410
           -8150.351  652266           490
           -8150.351  85734            411
           -8150.351  918558           412
           -8150.351  275475           413
           -8150.351  354395           486
           -8150.351  736574           414
           -8150.351  399508           415
           -8150.351  791285           416
           -8150.351  665121           417
           -8150.351  298275           418
           -8150.351  802682           419
           -8150.351  749635           420
           -8150.351  226322           478
           -8150.351  484406           421
           -8150.351  173191           422
           -8150.351  798821           423
           -8150.351  216565           474
           -8150.351  505879           424
           -8150.351  762461           425
           -8150.351  937885           426
           -8150.351  971693           470
           -8150.351  699554           427
           -8150.351  584397           428
           -8150.351  153394           429
           -8150.351  238906           430
           -8150.351  853195           431
           -8150.351  518828           432
           -8150.351  783102           433
           -8150.351  68850            462
           -8150.351  640833           434
           -8150.351  283492           435
           -8150.351  399380           436
           -8150.351  359578           458
           -8150.351  317640           437
           -8150.351  375590           438
           -8150.351  631413           439
           -8150.351  263049           454
           -8150.351  193569           440
           -8150.351  741484           441
           -8150.351  404510           442
           -8150.351  217130           443
           -8150.351  888905           444
           -8150.351  502532           445
           -8150.351  508482           446
           -8150.351  263221           447
           -8150.351  354624           448
           -8150.351  614535           449
           -8150.351  408713           450
           -8150.351  188640           451
           -8150.351  582296           452
           -8150.351  879211           453
           -8150.351  224950           455
           -8150.351  922596           456
           -8150.351  769907           457
           -8150.351  539751           459
           -8150.351  662718           460
           -8150.351  345726           461
           -8150.351  965639           463
           -8150.351  349360           464
           -8150.351  320494           465
           -8150.351  898745           466
           -8150.351  416463           467
           -8150.351  862607           468
           -8150.351  790059           469
           -8150.351  315029           471
           -8150.351  69413            472
           -8150.351  376411           473
           -8150.351  988761           475
           -8150.351  714455           476
           -8150.351  802256           477
           -8150.351  823392           479
           -8150.351  392751           480
           -8150.351  863691           481
           -8150.351  787985           482
           -8150.351  53621            483
           -8150.351  366533           484
           -8150.351  425982           485
           -8150.351  252949           487
           -8150.351  978061           488
           -8150.351  618760           489
           -8150.351  972430           491
           -8150.351  922042           492
           -8150.351  887580           493
           -8150.351  860102           495
           -8150.351  335485           496
           -8150.351  978781           497
           -8150.351  485483           498
           -8150.351  319575           499
           -8150.351  140442           500



THE MODEL ESTIMATION TERMINATED NORMALLY



MODEL FIT INFORMATION

Number of Free Parameters                        5

Loglikelihood

          H0 Value                       -8150.351
          H0 Scaling Correction Factor      1.0000
            for MLR

Information Criteria

          Akaike (AIC)                   16310.703
          Bayesian (BIC)                 16340.161
          Sample-Size Adjusted BIC       16324.275
            (n* = (n + 2) / 24)

Chi-Square Test of Model Fit for the Binary and Ordered Categorical
(Ordinal) Outcomes

          Pearson Chi-Square

          Value                            899.599
          Degrees of Freedom                    26
          P-Value                           0.0000

          Likelihood Ratio Chi-Square

          The chi-square is negative for this model part.  This is most likely
          due to deleted cells in the H0 log-likelihood calculation.

Chi-Square Test for MCAR under the Unrestricted Latent Class Indicator Model

          Pearson Chi-Square

          Value                            129.031
          Degrees of Freedom                   120
          P-Value                           0.2704

          Likelihood Ratio Chi-Square

          Value                            101.781
          Degrees of Freedom                   120
          P-Value                           0.8845



FINAL CLASS COUNTS AND PROPORTIONS FOR THE LATENT CLASSES
BASED ON THE ESTIMATED MODEL

    Latent
   Classes

       1       2675.00000          1.00000


FINAL CLASS COUNTS AND PROPORTIONS FOR THE LATENT CLASSES
BASED ON ESTIMATED POSTERIOR PROBABILITIES

    Latent
   Classes

       1       2675.00000          1.00000


FINAL CLASS COUNTS AND PROPORTIONS FOR THE LATENT CLASSES
BASED ON THEIR MOST LIKELY LATENT CLASS MEMBERSHIP

Class Counts and Proportions

    Latent
   Classes

       1             2675          1.00000


Average Latent Class Probabilities for Most Likely Latent Class Membership (Row)
by Latent Class (Column)

           1

    1   1.000


Classification Probabilities for the Most Likely Latent Class Membership (Column)
by Latent Class (Row)

           1

    1   1.000


Logits for the Classification Probabilities for the Most Likely Latent Class Membership (Column)
by Latent Class (Row)

              1

    1      0.000


MODEL RESULTS

                                                    Two-Tailed
                    Estimate       S.E.  Est./S.E.    P-Value

Latent Class 1

 Thresholds
    ENJOY$1           -0.702      0.041    -17.071      0.000
    USEFUL$1          -0.821      0.042    -19.448      0.000
    LOGICAL$1         -0.575      0.041    -14.162      0.000
    JOB$1             -1.061      0.045    -23.737      0.000
    ADULT$1           -0.855      0.042    -20.135      0.000


QUALITY OF NUMERICAL RESULTS

     Condition Number for the Information Matrix              0.199E+00
       (ratio of smallest to largest eigenvalue)


RESULTS IN PROBABILITY SCALE

                                                    Two-Tailed
                    Estimate       S.E.  Est./S.E.    P-Value

Latent Class 1

 ENJOY
    Category 1         0.331      0.009     36.360      0.000
    Category 2         0.669      0.009     73.378      0.000
 USEFUL
    Category 1         0.305      0.009     34.087      0.000
    Category 2         0.695      0.009     77.508      0.000
 LOGICAL
    Category 1         0.360      0.009     38.512      0.000
    Category 2         0.640      0.009     68.420      0.000
 JOB
    Category 1         0.257      0.009     30.122      0.000
    Category 2         0.743      0.009     87.013      0.000
 ADULT
    Category 1         0.298      0.009     33.554      0.000
    Category 2         0.702      0.009     78.917      0.000


MODEL COMMAND WITH FINAL ESTIMATES USED AS STARTING VALUES

     %OVERALL%

     %C#1%

     [ enjoy$1*-0.70216 ];
     [ useful$1*-0.82148 ];
     [ logical$1*-0.57471 ];
     [ job$1*-1.06081 ];
     [ adult$1*-0.85522 ];



     Beginning Time:  16:58:28
        Ending Time:  16:58:30
       Elapsed Time:  00:00:02



MUTHEN & MUTHEN
3463 Stoner Ave.
Los Angeles, CA  90066

Tel: (310) 391-9971
Fax: (310) 391-8971
Web: www.StatModel.com
Support: Support@StatModel.com

Copyright (c) 1998-2023 Muthen & Muthen
