Mplus VERSION 8.10
MUTHEN & MUTHEN
06/02/2024   8:55 PM

INPUT INSTRUCTIONS

  TITLE:
  3-Class
  DATA:
  FILE = "C:/Users/dinan/Box/IES_IMMERSE/Training Materials/
  in-person-training-2024/lab3-enumeration/enum/LSAL_data.dat";
  VARIABLE:
  NAMES = rand lsayid region urban gender mothed fathed raceth math_irt enjoy good
       undrstnd nervous scared useful logical job adult;
   MISSING=.;
   categorical = enjoy useful logical job adult;
  usevar = enjoy useful logical job adult;
  classes = c(3);
  ANALYSIS:
  estimator = mlr;
      type = mixture;
  OUTPUT:
  tech11 tech14;



*** WARNING
  Data set contains cases with missing on all variables.
  These cases were not included in the analysis.
  Number of cases with missing on all variables:  441
   1 WARNING(S) FOUND IN THE INPUT INSTRUCTIONS




3-Class

SUMMARY OF ANALYSIS

Number of groups                                                 1
Number of observations                                        2675

Number of dependent variables                                    5
Number of independent variables                                  0
Number of continuous latent variables                            0
Number of categorical latent variables                           1

Observed dependent variables

  Binary and ordered categorical (ordinal)
   ENJOY       USEFUL      LOGICAL     JOB         ADULT

Categorical latent variables
   C


Estimator                                                      MLR
Information matrix                                        OBSERVED
Optimization Specifications for the Quasi-Newton Algorithm for
Continuous Outcomes
  Maximum number of iterations                                 100
  Convergence criterion                                  0.100D-05
Optimization Specifications for the EM Algorithm
  Maximum number of iterations                                 500
  Convergence criteria
    Loglikelihood change                                 0.100D-06
    Relative loglikelihood change                        0.100D-06
    Derivative                                           0.100D-05
Optimization Specifications for the M step of the EM Algorithm for
Categorical Latent variables
  Number of M step iterations                                    1
  M step convergence criterion                           0.100D-05
  Basis for M step termination                           ITERATION
Optimization Specifications for the M step of the EM Algorithm for
Censored, Binary or Ordered Categorical (Ordinal), Unordered
Categorical (Nominal) and Count Outcomes
  Number of M step iterations                                    1
  M step convergence criterion                           0.100D-05
  Basis for M step termination                           ITERATION
  Maximum value for logit thresholds                            15
  Minimum value for logit thresholds                           -15
  Minimum expected cell size for chi-square              0.100D-01
Maximum number of iterations for H1                           2000
Convergence criterion for H1                             0.100D-03
Optimization algorithm                                         EMA
Random Starts Specifications
  Number of initial stage random starts                         20
  Number of final stage optimizations                            4
  Number of initial stage iterations                            10
  Initial stage convergence criterion                    0.100D+01
  Random starts scale                                    0.500D+01
  Random seed for generating random starts                       0
Link                                                         LOGIT

Input data file(s)
  C:/Users/dinan/Box/IES_IMMERSE/Training Materials/in-person-training-2024/lab3
Input data format  FREE


SUMMARY OF DATA

     Number of missing data patterns            15
     Number of y missing data patterns           0
     Number of u missing data patterns          15


COVARIANCE COVERAGE OF DATA

Minimum covariance coverage value   0.100


     PROPORTION OF DATA PRESENT FOR U


           Covariance Coverage
              ENJOY         USEFUL        LOGICAL       JOB           ADULT
              ________      ________      ________      ________      ________
 ENJOY          0.997
 USEFUL         0.985         0.988
 LOGICAL        0.982         0.975         0.985
 JOB            0.977         0.970         0.969         0.980
 ADULT          0.987         0.979         0.977         0.975         0.990


UNIVARIATE PROPORTIONS AND COUNTS FOR CATEGORICAL VARIABLES

    ENJOY
      Category 1    0.331          884.000
      Category 2    0.669         1784.000
    USEFUL
      Category 1    0.305          807.000
      Category 2    0.695         1835.000
    LOGICAL
      Category 1    0.360          949.000
      Category 2    0.640         1686.000
    JOB
      Category 1    0.257          674.000
      Category 2    0.743         1947.000
    ADULT
      Category 1    0.298          790.000
      Category 2    0.702         1858.000


RANDOM STARTS RESULTS RANKED FROM THE BEST TO THE WORST LOGLIKELIHOOD VALUES

Final stage loglikelihood values at local maxima, seeds, and initial stage start numbers:

           -7124.921  107446           12
           -7124.921  93468            3
           -7124.921  399671           13
           -7124.921  195873           6



THE BEST LOGLIKELIHOOD VALUE HAS BEEN REPLICATED.  RERUN WITH AT LEAST TWICE THE
RANDOM STARTS TO CHECK THAT THE BEST LOGLIKELIHOOD IS STILL OBTAINED AND REPLICATED.


THE MODEL ESTIMATION TERMINATED NORMALLY



MODEL FIT INFORMATION

Number of Free Parameters                       17

Loglikelihood

          H0 Value                       -7124.921
          H0 Scaling Correction Factor      1.0348
            for MLR

Information Criteria

          Akaike (AIC)                   14283.843
          Bayesian (BIC)                 14384.002
          Sample-Size Adjusted BIC       14329.988
            (n* = (n + 2) / 24)

Chi-Square Test of Model Fit for the Binary and Ordered Categorical
(Ordinal) Outcomes

          Pearson Chi-Square

          Value                             57.852
          Degrees of Freedom                    14
          P-Value                           0.0000

          Likelihood Ratio Chi-Square

          Value                             68.077
          Degrees of Freedom                    14
          P-Value                           0.0000

Chi-Square Test for MCAR under the Unrestricted Latent Class Indicator Model

          Pearson Chi-Square

          Value                            129.031
          Degrees of Freedom                   120
          P-Value                           0.2704

          Likelihood Ratio Chi-Square

          Value                            101.781
          Degrees of Freedom                   120
          P-Value                           0.8845



FINAL CLASS COUNTS AND PROPORTIONS FOR THE LATENT CLASSES
BASED ON THE ESTIMATED MODEL

    Latent
   Classes

       1       1114.18638          0.41652
       2        372.05919          0.13909
       3       1188.75443          0.44439


FINAL CLASS COUNTS AND PROPORTIONS FOR THE LATENT CLASSES
BASED ON ESTIMATED POSTERIOR PROBABILITIES

    Latent
   Classes

       1       1114.18638          0.41652
       2        372.05919          0.13909
       3       1188.75443          0.44439


FINAL CLASS COUNTS AND PROPORTIONS FOR THE LATENT CLASSES
BASED ON THEIR MOST LIKELY LATENT CLASS MEMBERSHIP

Class Counts and Proportions

    Latent
   Classes

       1             1174          0.43888
       2              384          0.14355
       3             1117          0.41757


CLASSIFICATION QUALITY

     Entropy                         0.636


Average Latent Class Probabilities for Most Likely Latent Class Membership (Row)
by Latent Class (Column)

           1        2        3

    1   0.838    0.000    0.162
    2   0.000    0.831    0.169
    3   0.117    0.047    0.836


Classification Probabilities for the Most Likely Latent Class Membership (Column)
by Latent Class (Row)

           1        2        3

    1   0.883    0.000    0.117
    2   0.000    0.858    0.142
    3   0.160    0.055    0.785


Logits for the Classification Probabilities for the Most Likely Latent Class Membership (Column)
by Latent Class (Row)

              1        2        3

    1      2.019   -9.955    0.000
    2     -5.670    1.802    0.000
    3     -1.591   -2.668    0.000


MODEL RESULTS

                                                    Two-Tailed
                    Estimate       S.E.  Est./S.E.    P-Value

Latent Class 1

 Thresholds
    ENJOY$1           -1.592      0.136    -11.675      0.000
    USEFUL$1          -4.149      1.586     -2.617      0.009
    LOGICAL$1         -2.447      0.373     -6.553      0.000
    JOB$1             -3.917      0.977     -4.010      0.000
    ADULT$1           -4.860      3.657     -1.329      0.184

Latent Class 2

 Thresholds
    ENJOY$1            0.855      0.163      5.241      0.000
    USEFUL$1           2.659      0.530      5.020      0.000
    LOGICAL$1          2.533      0.465      5.446      0.000
    JOB$1              1.920      0.362      5.299      0.000
    ADULT$1            2.810      0.695      4.044      0.000

Latent Class 3

 Thresholds
    ENJOY$1           -0.543      0.138     -3.949      0.000
    USEFUL$1          -0.480      0.243     -1.975      0.048
    LOGICAL$1         -0.219      0.218     -1.002      0.316
    JOB$1             -0.910      0.223     -4.082      0.000
    ADULT$1           -0.535      0.223     -2.392      0.017

Categorical Latent Variables

 Means
    C#1               -0.065      0.281     -0.230      0.818
    C#2               -1.162      0.113    -10.240      0.000


QUALITY OF NUMERICAL RESULTS

     Condition Number for the Information Matrix              0.136E-03
       (ratio of smallest to largest eigenvalue)


RESULTS IN PROBABILITY SCALE

                                                    Two-Tailed
                    Estimate       S.E.  Est./S.E.    P-Value

Latent Class 1

 ENJOY
    Category 1         0.169      0.019      8.824      0.000
    Category 2         0.831      0.019     43.370      0.000
 USEFUL
    Category 1         0.016      0.024      0.641      0.522
    Category 2         0.984      0.024     40.597      0.000
 LOGICAL
    Category 1         0.080      0.027      2.910      0.004
    Category 2         0.920      0.027     33.624      0.000
 JOB
    Category 1         0.020      0.019      1.044      0.297
    Category 2         0.980      0.019     52.472      0.000
 ADULT
    Category 1         0.008      0.028      0.276      0.783
    Category 2         0.992      0.028     35.549      0.000

Latent Class 2

 ENJOY
    Category 1         0.702      0.034     20.547      0.000
    Category 2         0.298      0.034      8.740      0.000
 USEFUL
    Category 1         0.935      0.032     28.843      0.000
    Category 2         0.065      0.032      2.021      0.043
 LOGICAL
    Category 1         0.926      0.032     29.228      0.000
    Category 2         0.074      0.032      2.321      0.020
 JOB
    Category 1         0.872      0.040     21.588      0.000
    Category 2         0.128      0.040      3.164      0.002
 ADULT
    Category 1         0.943      0.037     25.347      0.000
    Category 2         0.057      0.037      1.526      0.127

Latent Class 3

 ENJOY
    Category 1         0.367      0.032     11.494      0.000
    Category 2         0.633      0.032     19.785      0.000
 USEFUL
    Category 1         0.382      0.057      6.663      0.000
    Category 2         0.618      0.057     10.766      0.000
 LOGICAL
    Category 1         0.446      0.054      8.256      0.000
    Category 2         0.554      0.054     10.276      0.000
 JOB
    Category 1         0.287      0.046      6.291      0.000
    Category 2         0.713      0.046     15.629      0.000
 ADULT
    Category 1         0.369      0.052      7.097      0.000
    Category 2         0.631      0.052     12.113      0.000


LATENT CLASS INDICATOR ODDS RATIOS FOR THE LATENT CLASSES

                                                95% C.I.
                    Estimate       S.E.  Lower 2.5% Upper 2.5%

Latent Class 1 Compared to Latent Class 2

 ENJOY
    Category > 1      11.555      2.072      8.130     16.422
 USEFUL
    Category > 1     904.593   1255.062     59.627  13723.343
 LOGICAL
    Category > 1     145.554     62.391     62.828    337.207
 JOB
    Category > 1     342.938    283.779     67.739   1736.165
 ADULT
    Category > 1    2142.925   6993.030      3.575  *********

Latent Class 1 Compared to Latent Class 3

 ENJOY
    Category > 1       2.855      0.442      2.108      3.868
 USEFUL
    Category > 1      39.220     57.178      2.252    683.077
 LOGICAL
    Category > 1       9.285      2.943      4.989     17.282
 JOB
    Category > 1      20.232     18.004      3.536    115.754
 ADULT
    Category > 1      75.572    267.516      0.073  77907.609

Latent Class 2 Compared to Latent Class 3

 ENJOY
    Category > 1       0.247      0.046      0.172      0.355
 USEFUL
    Category > 1       0.043      0.022      0.016      0.117
 LOGICAL
    Category > 1       0.064      0.030      0.026      0.158
 JOB
    Category > 1       0.059      0.019      0.031      0.112
 ADULT
    Category > 1       0.035      0.022      0.010      0.123


TECHNICAL 11 OUTPUT

     Random Starts Specifications for the k-1 Class Analysis Model
        Number of initial stage random starts                  20
        Number of final stage optimizations                     4



     VUONG-LO-MENDELL-RUBIN LIKELIHOOD RATIO TEST FOR 2 (H0) VERSUS 3 CLASSES

          H0 Loglikelihood Value                        -7191.878
          2 Times the Loglikelihood Difference            133.913
          Difference in the Number of Parameters                6
          Mean                                              4.884
          Standard Deviation                                8.113
          P-Value                                          0.0000

     LO-MENDELL-RUBIN ADJUSTED LRT TEST

          Value                                           131.144
          P-Value                                          0.0000


TECHNICAL 14 OUTPUT

     Random Starts Specifications for the k-1 Class Analysis Model
        Number of initial stage random starts                  20
        Number of final stage optimizations                     4

     Random Starts Specification for the k-1 Class Model for Generated Data
        Number of initial stage random starts                   0
        Number of final stage optimizations for the
           initial stage random starts                          0
     Random Starts Specification for the k Class Model for Generated Data
        Number of initial stage random starts                  40
        Number of final stage optimizations                     8
     Number of bootstrap draws requested                   Varies


     PARAMETRIC BOOTSTRAPPED LIKELIHOOD RATIO TEST FOR 2 (H0) VERSUS 3 CLASSES

          H0 Loglikelihood Value                        -7191.878
          2 Times the Loglikelihood Difference            133.913
          Difference in the Number of Parameters                6
          Approximate P-Value                              0.0000
          Successful Bootstrap Draws                            5

     WARNING:  OF THE 5 BOOTSTRAP DRAWS, 4 DRAWS HAD BOTH A SMALLER LRT VALUE THAN THE
     OBSERVED LRT VALUE AND NOT A REPLICATED BEST LOGLIKELIHOOD VALUE FOR THE 3-CLASS MODEL.
     THIS MEANS THAT THE P-VALUE MAY NOT BE TRUSTWORTHY DUE TO LOCAL MAXIMA.
     INCREASE THE NUMBER OF RANDOM STARTS USING THE LRTSTARTS OPTION.



     Beginning Time:  20:55:53
        Ending Time:  20:55:54
       Elapsed Time:  00:00:01



MUTHEN & MUTHEN
3463 Stoner Ave.
Los Angeles, CA  90066

Tel: (310) 391-9971
Fax: (310) 391-8971
Web: www.StatModel.com
Support: Support@StatModel.com

Copyright (c) 1998-2023 Muthen & Muthen
