Mplus VERSION 8.10
MUTHEN & MUTHEN
06/04/2024  12:10 PM

INPUT INSTRUCTIONS

  TITLE:
  This is an example for a two-class mixture model, please go through the input file and fix
  DATA:
  FILE = "C:/Users/dinan/Box/IES_IMMERSE/Training Materials/
  in-person-training-2024/lab2-troubleshooting/mplus_folder/lsay.dat";
  VARIABLE:
  NAMES = rand lsayid region urban gender mothed fathed raceth math_irt enjoy good
       undrstnd nervous scared useful logical job adult;
   MISSING=.;
   categorical = enjoy useful logical job adult;
    usevar =  enjoy useful logical job adult;
    classes = c(4);
  ANALYSIS:
  estimator = mlr;
      type = mixture;
  OUTPUT:
  tech11 tech14
  PLOT:
  type = plot3;
      series = enjoy-adult(*);



*** WARNING
  Data set contains cases with missing on all variables.
  These cases were not included in the analysis.
  Number of cases with missing on all variables:  441
   1 WARNING(S) FOUND IN THE INPUT INSTRUCTIONS




This is an example for a two-class mixture model, please go through the input file and fix

SUMMARY OF ANALYSIS

Number of groups                                                 1
Number of observations                                        2675

Number of dependent variables                                    5
Number of independent variables                                  0
Number of continuous latent variables                            0
Number of categorical latent variables                           1

Observed dependent variables

  Binary and ordered categorical (ordinal)
   ENJOY       USEFUL      LOGICAL     JOB         ADULT

Categorical latent variables
   C


Estimator                                                      MLR
Information matrix                                        OBSERVED
Optimization Specifications for the Quasi-Newton Algorithm for
Continuous Outcomes
  Maximum number of iterations                                 100
  Convergence criterion                                  0.100D-05
Optimization Specifications for the EM Algorithm
  Maximum number of iterations                                 500
  Convergence criteria
    Loglikelihood change                                 0.100D-06
    Relative loglikelihood change                        0.100D-06
    Derivative                                           0.100D-05
Optimization Specifications for the M step of the EM Algorithm for
Categorical Latent variables
  Number of M step iterations                                    1
  M step convergence criterion                           0.100D-05
  Basis for M step termination                           ITERATION
Optimization Specifications for the M step of the EM Algorithm for
Censored, Binary or Ordered Categorical (Ordinal), Unordered
Categorical (Nominal) and Count Outcomes
  Number of M step iterations                                    1
  M step convergence criterion                           0.100D-05
  Basis for M step termination                           ITERATION
  Maximum value for logit thresholds                            15
  Minimum value for logit thresholds                           -15
  Minimum expected cell size for chi-square              0.100D-01
Maximum number of iterations for H1                           2000
Convergence criterion for H1                             0.100D-03
Optimization algorithm                                         EMA
Random Starts Specifications
  Number of initial stage random starts                         20
  Number of final stage optimizations                            4
  Number of initial stage iterations                            10
  Initial stage convergence criterion                    0.100D+01
  Random starts scale                                    0.500D+01
  Random seed for generating random starts                       0
Link                                                         LOGIT

Input data file(s)
  C:/Users/dinan/Box/IES_IMMERSE/Training Materials/in-person-training-2024/lab2
Input data format  FREE


SUMMARY OF DATA

     Number of missing data patterns            15
     Number of y missing data patterns           0
     Number of u missing data patterns          15


COVARIANCE COVERAGE OF DATA

Minimum covariance coverage value   0.100


     PROPORTION OF DATA PRESENT FOR U


           Covariance Coverage
              ENJOY         USEFUL        LOGICAL       JOB           ADULT
              ________      ________      ________      ________      ________
 ENJOY          0.997
 USEFUL         0.985         0.988
 LOGICAL        0.982         0.975         0.985
 JOB            0.977         0.970         0.969         0.980
 ADULT          0.987         0.979         0.977         0.975         0.990


UNIVARIATE PROPORTIONS AND COUNTS FOR CATEGORICAL VARIABLES

    ENJOY
      Category 1    0.331          884.000
      Category 2    0.669         1784.000
    USEFUL
      Category 1    0.305          807.000
      Category 2    0.695         1835.000
    LOGICAL
      Category 1    0.360          949.000
      Category 2    0.640         1686.000
    JOB
      Category 1    0.257          674.000
      Category 2    0.743         1947.000
    ADULT
      Category 1    0.298          790.000
      Category 2    0.702         1858.000


RANDOM STARTS RESULTS RANKED FROM THE BEST TO THE WORST LOGLIKELIHOOD VALUES

Final stage loglikelihood values at local maxima, seeds, and initial stage start numbers:

           -7095.123  939021           8
           -7095.123  107446           12
           -7095.123  415931           10
           -7095.123  608496           4



THE BEST LOGLIKELIHOOD VALUE HAS BEEN REPLICATED.  RERUN WITH AT LEAST TWICE THE
RANDOM STARTS TO CHECK THAT THE BEST LOGLIKELIHOOD IS STILL OBTAINED AND REPLICATED.

     IN THE OPTIMIZATION, ONE OR MORE LOGIT THRESHOLDS APPROACHED EXTREME VALUES
     OF -15.000 AND 15.000 AND WERE FIXED TO STABILIZE MODEL ESTIMATION.  THESE
     VALUES IMPLY PROBABILITIES OF 0 AND 1.  IN THE MODEL RESULTS SECTION, THESE
     PARAMETERS HAVE 0 STANDARD ERRORS AND 999 IN THE Z-SCORE AND P-VALUE COLUMNS.




THE MODEL ESTIMATION TERMINATED NORMALLY



MODEL FIT INFORMATION

Number of Free Parameters                       23

Loglikelihood

          H0 Value                       -7095.123
          H0 Scaling Correction Factor      1.0090
            for MLR

Information Criteria

          Akaike (AIC)                   14236.246
          Bayesian (BIC)                 14371.756
          Sample-Size Adjusted BIC       14298.678
            (n* = (n + 2) / 24)

Chi-Square Test of Model Fit for the Binary and Ordered Categorical
(Ordinal) Outcomes

          Pearson Chi-Square

          Value                              5.278
          Degrees of Freedom                     8
          P-Value                           0.7275

          Likelihood Ratio Chi-Square

          Value                              8.481
          Degrees of Freedom                     8
          P-Value                           0.3880

Chi-Square Test for MCAR under the Unrestricted Latent Class Indicator Model

          Pearson Chi-Square

          Value                            129.031
          Degrees of Freedom                   120
          P-Value                           0.2704

          Likelihood Ratio Chi-Square

          Value                            101.781
          Degrees of Freedom                   120
          P-Value                           0.8845



FINAL CLASS COUNTS AND PROPORTIONS FOR THE LATENT CLASSES
BASED ON THE ESTIMATED MODEL

    Latent
   Classes

       1       1381.94705          0.51662
       2        261.58293          0.09779
       3        365.89858          0.13678
       4        665.57145          0.24881


FINAL CLASS COUNTS AND PROPORTIONS FOR THE LATENT CLASSES
BASED ON ESTIMATED POSTERIOR PROBABILITIES

    Latent
   Classes

       1       1381.94705          0.51662
       2        261.58293          0.09779
       3        365.89858          0.13678
       4        665.57145          0.24881


FINAL CLASS COUNTS AND PROPORTIONS FOR THE LATENT CLASSES
BASED ON THEIR MOST LIKELY LATENT CLASS MEMBERSHIP

Class Counts and Proportions

    Latent
   Classes

       1             1519          0.56785
       2              307          0.11477
       3              365          0.13645
       4              484          0.18093


CLASSIFICATION QUALITY

     Entropy                         0.733


Average Latent Class Probabilities for Most Likely Latent Class Membership (Row)
by Latent Class (Column)

           1        2        3        4

    1   0.872    0.031    0.000    0.096
    2   0.128    0.695    0.000    0.177
    3   0.000    0.003    0.882    0.115
    4   0.036    0.001    0.090    0.873


Classification Probabilities for the Most Likely Latent Class Membership (Column)
by Latent Class (Row)

           1        2        3        4

    1   0.959    0.028    0.000    0.013
    2   0.179    0.816    0.004    0.001
    3   0.001    0.000    0.879    0.119
    4   0.220    0.082    0.063    0.635


Logits for the Classification Probabilities for the Most Likely Latent Class Membership (Column)
by Latent Class (Row)

              1        2        3        4

    1      4.328    0.808   -5.948    0.000
    2      5.044    6.560    1.239    0.000
    3     -4.451  -11.689    1.998    0.000
    4     -1.060   -2.051   -2.305    0.000


MODEL RESULTS

                                                    Two-Tailed
                    Estimate       S.E.  Est./S.E.    P-Value

Latent Class 1

 Thresholds
    ENJOY$1           -1.421      0.094    -15.042      0.000
    USEFUL$1          -2.583      0.189    -13.660      0.000
    LOGICAL$1         -2.182      0.221     -9.850      0.000
    JOB$1             -3.012      0.316     -9.532      0.000
    ADULT$1          -15.000      0.000    999.000    999.000

Latent Class 2

 Thresholds
    ENJOY$1           -0.233      0.184     -1.262      0.207
    USEFUL$1           0.290      0.281      1.032      0.302
    LOGICAL$1         15.000      0.000    999.000    999.000
    JOB$1             -0.870      0.191     -4.564      0.000
    ADULT$1          -15.000      0.000    999.000    999.000

Latent Class 3

 Thresholds
    ENJOY$1            0.812      0.148      5.479      0.000
    USEFUL$1           2.579      0.451      5.718      0.000
    LOGICAL$1          3.124      0.790      3.955      0.000
    JOB$1              1.559      0.201      7.762      0.000
    ADULT$1           15.000      0.000    999.000    999.000

Latent Class 4

 Thresholds
    ENJOY$1           -0.519      0.108     -4.792      0.000
    USEFUL$1          -0.621      0.166     -3.743      0.000
    LOGICAL$1         -0.767      0.173     -4.441      0.000
    JOB$1             -0.553      0.144     -3.847      0.000
    ADULT$1            0.622      0.408      1.525      0.127

Categorical Latent Variables

 Means
    C#1                0.731      0.174      4.207      0.000
    C#2               -0.934      0.245     -3.807      0.000
    C#3               -0.598      0.157     -3.821      0.000


QUALITY OF NUMERICAL RESULTS

     Condition Number for the Information Matrix              0.161E-02
       (ratio of smallest to largest eigenvalue)


RESULTS IN PROBABILITY SCALE

                                                    Two-Tailed
                    Estimate       S.E.  Est./S.E.    P-Value

Latent Class 1

 ENJOY
    Category 1         0.195      0.015     13.145      0.000
    Category 2         0.805      0.015     54.419      0.000
 USEFUL
    Category 1         0.070      0.012      5.687      0.000
    Category 2         0.930      0.012     75.297      0.000
 LOGICAL
    Category 1         0.101      0.020      5.024      0.000
    Category 2         0.899      0.020     44.524      0.000
 JOB
    Category 1         0.047      0.014      3.320      0.001
    Category 2         0.953      0.014     67.515      0.000
 ADULT
    Category 1         0.000      0.000      0.000      1.000
    Category 2         1.000      0.000      0.000      1.000

Latent Class 2

 ENJOY
    Category 1         0.442      0.045      9.724      0.000
    Category 2         0.558      0.045     12.271      0.000
 USEFUL
    Category 1         0.572      0.069      8.309      0.000
    Category 2         0.428      0.069      6.215      0.000
 LOGICAL
    Category 1         1.000      0.000      0.000      1.000
    Category 2         0.000      0.000      0.000      1.000
 JOB
    Category 1         0.295      0.040      7.446      0.000
    Category 2         0.705      0.040     17.768      0.000
 ADULT
    Category 1         0.000      0.000      0.000      1.000
    Category 2         1.000      0.000      0.000      1.000

Latent Class 3

 ENJOY
    Category 1         0.693      0.032     21.942      0.000
    Category 2         0.307      0.032      9.740      0.000
 USEFUL
    Category 1         0.929      0.030     31.439      0.000
    Category 2         0.071      0.030      2.386      0.017
 LOGICAL
    Category 1         0.958      0.032     30.052      0.000
    Category 2         0.042      0.032      1.322      0.186
 JOB
    Category 1         0.826      0.029     28.648      0.000
    Category 2         0.174      0.029      6.027      0.000
 ADULT
    Category 1         1.000      0.000      0.000      1.000
    Category 2         0.000      0.000      0.000      1.000

Latent Class 4

 ENJOY
    Category 1         0.373      0.025     14.720      0.000
    Category 2         0.627      0.025     24.740      0.000
 USEFUL
    Category 1         0.350      0.038      9.266      0.000
    Category 2         0.650      0.038     17.243      0.000
 LOGICAL
    Category 1         0.317      0.037      8.478      0.000
    Category 2         0.683      0.037     18.257      0.000
 JOB
    Category 1         0.365      0.033     10.962      0.000
    Category 2         0.635      0.033     19.054      0.000
 ADULT
    Category 1         0.651      0.093      7.015      0.000
    Category 2         0.349      0.093      3.765      0.000


LATENT CLASS INDICATOR ODDS RATIOS FOR THE LATENT CLASSES

                                                95% C.I.
                    Estimate       S.E.  Lower 2.5% Upper 2.5%

Latent Class 1 Compared to Latent Class 2

 ENJOY
    Category > 1       3.281      0.700      2.159      4.985
 USEFUL
    Category > 1      17.700      6.366      8.747     35.819
 LOGICAL
    Category > 1   *********      0.000  *********  *********
 JOB
    Category > 1       8.523      2.947      4.328     16.784
 ADULT
    Category > 1       1.000      0.000      1.000      1.000

Latent Class 1 Compared to Latent Class 3

 ENJOY
    Category > 1       9.326      1.532      6.759     12.869
 USEFUL
    Category > 1     174.467     81.707     69.674    436.875
 LOGICAL
    Category > 1     201.477    163.605     41.021    989.553
 JOB
    Category > 1      96.670     33.658     48.856    191.279
 ADULT
    Category > 1   *********      0.000  *********  *********

Latent Class 1 Compared to Latent Class 4

 ENJOY
    Category > 1       2.463      0.373      1.830      3.315
 USEFUL
    Category > 1       7.115      1.619      4.554     11.114
 LOGICAL
    Category > 1       4.115      1.120      2.414      7.014
 JOB
    Category > 1      11.700      3.786      6.205     22.062
 ADULT
    Category > 1   *********      0.000  *********  *********

Latent Class 2 Compared to Latent Class 3

 ENJOY
    Category > 1       2.843      0.666      1.796      4.501
 USEFUL
    Category > 1       9.857      5.033      3.623     26.815
 LOGICAL
    Category > 1       0.000      0.000      0.000      0.000
 JOB
    Category > 1      11.343      3.155      6.576     19.566
 ADULT
    Category > 1   *********      0.000  *********  *********

Latent Class 2 Compared to Latent Class 4

 ENJOY
    Category > 1       0.751      0.169      0.483      1.168
 USEFUL
    Category > 1       0.402      0.142      0.201      0.803
 LOGICAL
    Category > 1       0.000      0.000      0.000      0.000
 JOB
    Category > 1       1.373      0.340      0.845      2.230
 ADULT
    Category > 1   *********      0.000  *********  *********

Latent Class 3 Compared to Latent Class 4

 ENJOY
    Category > 1       0.264      0.050      0.183      0.382
 USEFUL
    Category > 1       0.041      0.019      0.016      0.101
 LOGICAL
    Category > 1       0.020      0.016      0.004      0.095
 JOB
    Category > 1       0.121      0.029      0.076      0.194
 ADULT
    Category > 1       0.000      0.000      0.000      0.000


TECHNICAL 11 OUTPUT

     Random Starts Specifications for the k-1 Class Analysis Model
        Number of initial stage random starts                  20
        Number of final stage optimizations                     4



     VUONG-LO-MENDELL-RUBIN LIKELIHOOD RATIO TEST FOR 3 (H0) VERSUS 4 CLASSES

          H0 Loglikelihood Value                        -7124.921
          2 Times the Loglikelihood Difference             59.597
          Difference in the Number of Parameters                6
          Mean                                              0.063
          Standard Deviation                                5.866
          P-Value                                          0.0000

     LO-MENDELL-RUBIN ADJUSTED LRT TEST

          Value                                            58.364
          P-Value                                          0.0000


TECHNICAL 14 OUTPUT

     Random Starts Specifications for the k-1 Class Analysis Model
        Number of initial stage random starts                  20
        Number of final stage optimizations                     4

     Random Starts Specification for the k-1 Class Model for Generated Data
        Number of initial stage random starts                   0
        Number of final stage optimizations for the
           initial stage random starts                          0
     Random Starts Specification for the k Class Model for Generated Data
        Number of initial stage random starts                  40
        Number of final stage optimizations                     8
     Number of bootstrap draws requested                   Varies


     PARAMETRIC BOOTSTRAPPED LIKELIHOOD RATIO TEST FOR 3 (H0) VERSUS 4 CLASSES

          H0 Loglikelihood Value                        -7124.921
          2 Times the Loglikelihood Difference             59.597
          Difference in the Number of Parameters                6
          Approximate P-Value                              0.0000
          Successful Bootstrap Draws                           10

     WARNING:  OF THE 10 BOOTSTRAP DRAWS, 9 DRAWS HAD BOTH A SMALLER LRT VALUE THAN THE
     OBSERVED LRT VALUE AND NOT A REPLICATED BEST LOGLIKELIHOOD VALUE FOR THE 4-CLASS MODEL.
     THIS MEANS THAT THE P-VALUE MAY NOT BE TRUSTWORTHY DUE TO LOCAL MAXIMA.
     INCREASE THE NUMBER OF RANDOM STARTS USING THE LRTSTARTS OPTION.



PLOT INFORMATION

The following plots are available:

  Histograms (sample values)
  Scatterplots (sample values)
  Sample proportions and estimated probabilities

     Beginning Time:  12:10:38
        Ending Time:  12:10:42
       Elapsed Time:  00:00:04



MUTHEN & MUTHEN
3463 Stoner Ave.
Los Angeles, CA  90066

Tel: (310) 391-9971
Fax: (310) 391-8971
Web: www.StatModel.com
Support: Support@StatModel.com

Copyright (c) 1998-2023 Muthen & Muthen
