Mplus VERSION 8.8
MUTHEN & MUTHEN
06/07/2023  12:11 PM

INPUT INSTRUCTIONS

  TITLE:
  Step3 - 3step LSAY
  DATA:
  FILE = "Step3.dat";

  VARIABLE:
  NAMES = ENJOY USEFUL LOGICAL JOB ADULT FEMALE MATH_IRT CPROB1 CPROB2 CPROB3 CPROB4
       N;
   MISSING=.;
   nominal=N;
    usevar = n;
    classes = c(4);

    usevar = female math_irt;
  ANALYSIS:
  estimator = mlr;
    type = mixture;
    starts = 0;
  MODEL:
  %OVERALL%

  math_irt on female; ! covariate as a predictor of the distal outcome
  C on female (f1-f3);        ! covariate as predictor of C

     %C#1%
  [n#1@7.784]; ! MUST EDIT if you do not have a 4-class model.
  [n#2@4.199];
  [n#3@5.312];

  [math_irt](m1);    ! conditional distal mean
  math_irt;          ! conditional distal variance (freely estimated)

  %C#2%
  [n#1@-2.228];
  [n#2@1.087];
  [n#3@-6.772];

  [math_irt](m2);
  math_irt;

  %C#3%
  [n#1@4.387];
  [n#2@-0.53];
  [n#3@6.07];

  [math_irt](m3);
  math_irt;

  %C#4%
  [n#1@-7];
  [n#2@-3.236];
  [n#3@-3.631];

  [math_irt](m4);
  math_irt;
  MODEL CONSTRAINT:
  New (diff12 diff13 diff23
      diff14 diff24 diff34);

      diff12 = m1-m2;  ! test pairwise distal mean differences
      diff13 = m1-m3;
      diff23 = m2-m3;
      diff14 = m1-m4;
      diff24 = m2-m4;
      diff34 = m3-m4;
  MODEL TEST:
       ! omnibus test of distal means
      m1=m2;
      m2=m3;
      m3=m4;
      !f1=f2;
      !f2=f3;
      !f3=f4;




INPUT READING TERMINATED NORMALLY




Step3 - 3step LSAY

SUMMARY OF ANALYSIS

Number of groups                                                 1
Number of observations                                        3061

Number of dependent variables                                    2
Number of independent variables                                  1
Number of continuous latent variables                            0
Number of categorical latent variables                           1

Observed dependent variables

  Continuous
   MATH_IRT

  Unordered categorical (nominal)
   N

Observed independent variables
   FEMALE

Categorical latent variables
   C


Estimator                                                      MLR
Information matrix                                        OBSERVED
Optimization Specifications for the Quasi-Newton Algorithm for
Continuous Outcomes
  Maximum number of iterations                                 100
  Convergence criterion                                  0.100D-05
Optimization Specifications for the EM Algorithm
  Maximum number of iterations                                 500
  Convergence criteria
    Loglikelihood change                                 0.100D-06
    Relative loglikelihood change                        0.100D-06
    Derivative                                           0.100D-05
Optimization Specifications for the M step of the EM Algorithm for
Categorical Latent variables
  Number of M step iterations                                    1
  M step convergence criterion                           0.100D-05
  Basis for M step termination                           ITERATION
Optimization Specifications for the M step of the EM Algorithm for
Censored, Binary or Ordered Categorical (Ordinal), Unordered
Categorical (Nominal) and Count Outcomes
  Number of M step iterations                                    1
  M step convergence criterion                           0.100D-05
  Basis for M step termination                           ITERATION
  Maximum value for logit thresholds                            15
  Minimum value for logit thresholds                           -15
  Minimum expected cell size for chi-square              0.100D-01
Maximum number of iterations for H1                           2000
Convergence criterion for H1                             0.100D-03
Optimization algorithm                                         EMA

Input data file(s)
  Step3.dat
Input data format  FREE


SUMMARY OF DATA

     Number of missing data patterns             2
     Number of y missing data patterns           2
     Number of u missing data patterns           0


COVARIANCE COVERAGE OF DATA

Minimum covariance coverage value   0.100


     PROPORTION OF DATA PRESENT FOR Y


           Covariance Coverage
              MATH_IRT      FEMALE
              ________      ________
 MATH_IRT       0.377
 FEMALE         0.377         1.000


UNIVARIATE PROPORTIONS AND COUNTS FOR CATEGORICAL VARIABLES

    N
      Category 1    0.282          863.000
      Category 2    0.203          621.000
      Category 3    0.197          604.000
      Category 4    0.318          973.000



UNIVARIATE SAMPLE STATISTICS


     UNIVARIATE HIGHER-ORDER MOMENT DESCRIPTIVE STATISTICS

         Variable/         Mean/     Skewness/   Minimum/ % with                Percentiles
        Sample Size      Variance    Kurtosis    Maximum  Min/Max      20%/60%    40%/80%    Median

     MATH_IRT             68.742      -0.377      27.010    0.09%      56.290     66.030     69.470
            1155.000     224.451      -0.377      99.300    0.43%      73.460     81.780
     FEMALE                0.481       0.075       0.000   51.88%       0.000      0.000      0.000
            3061.000       0.250      -1.994       1.000   48.12%       1.000      1.000


THE MODEL ESTIMATION TERMINATED NORMALLY



MODEL FIT INFORMATION

Number of Free Parameters                       15

Loglikelihood

          H0 Value                       -8904.032
          H0 Scaling Correction Factor      0.9943
            for MLR

Information Criteria

          Akaike (AIC)                   17838.065
          Bayesian (BIC)                 17928.462
          Sample-Size Adjusted BIC       17880.801
            (n* = (n + 2) / 24)

Wald Test of Parameter Constraints

          Value                             14.874
          Degrees of Freedom                     3
          P-Value                           0.0019



FINAL CLASS COUNTS AND PROPORTIONS FOR THE LATENT CLASSES
BASED ON THE ESTIMATED MODEL

    Latent
   Classes

       1        827.94240          0.27048
       2        783.29981          0.25590
       3        619.50751          0.20239
       4        830.25028          0.27123


FINAL CLASS COUNTS AND PROPORTIONS FOR THE LATENT CLASSES
BASED ON ESTIMATED POSTERIOR PROBABILITIES

    Latent
   Classes

       1        827.94309          0.27048
       2        783.29764          0.25590
       3        619.50697          0.20239
       4        830.25230          0.27124


FINAL CLASS COUNTS AND PROPORTIONS FOR THE LATENT CLASSES
BASED ON THEIR MOST LIKELY LATENT CLASS MEMBERSHIP

Class Counts and Proportions

    Latent
   Classes

       1              863          0.28193
       2              621          0.20287
       3              604          0.19732
       4              973          0.31787


CLASSIFICATION QUALITY

     Entropy                         0.672


Average Latent Class Probabilities for Most Likely Latent Class Membership (Row)
by Latent Class (Column)

           1        2        3        4

    1   0.862    0.024    0.113    0.001
    2   0.033    0.916    0.001    0.049
    3   0.104    0.000    0.861    0.034
    4   0.000    0.199    0.001    0.800


Classification Probabilities for the Most Likely Latent Class Membership (Column)
by Latent Class (Row)

           1        2        3        4

    1   0.899    0.025    0.076    0.000
    2   0.027    0.726    0.000    0.247
    3   0.157    0.001    0.840    0.002
    4   0.001    0.037    0.025    0.937


Logits for the Classification Probabilities for the Most Likely Latent Class Membership (Column)
by Latent Class (Row)

              1        2        3        4

    1      7.787    4.204    5.317    0.000
    2     -2.225    1.080   -6.779    0.000
    3      4.391   -0.535    6.066    0.000
    4     -6.999   -3.233   -3.630    0.000


MODEL RESULTS

                                                    Two-Tailed
                    Estimate       S.E.  Est./S.E.    P-Value

Latent Class 1

 MATH_IRT   ON
    FEMALE            -0.480      0.915     -0.524      0.600

 Means
    N#1                7.784      0.000    999.000    999.000
    N#2                4.199      0.000    999.000    999.000
    N#3                5.312      0.000    999.000    999.000

 Intercepts
    MATH_IRT          72.344      1.253     57.759      0.000

 Residual Variances
    MATH_IRT         212.103     25.634      8.274      0.000

Latent Class 2

 MATH_IRT   ON
    FEMALE            -0.480      0.915     -0.524      0.600

 Means
    N#1               -2.228      0.000    999.000    999.000
    N#2                1.087      0.000    999.000    999.000
    N#3               -6.772      0.000    999.000    999.000

 Intercepts
    MATH_IRT          65.987      1.315     50.174      0.000

 Residual Variances
    MATH_IRT         229.041     19.264     11.890      0.000

Latent Class 3

 MATH_IRT   ON
    FEMALE            -0.480      0.915     -0.524      0.600

 Means
    N#1                4.387      0.000    999.000    999.000
    N#2               -0.530      0.000    999.000    999.000
    N#3                6.070      0.000    999.000    999.000

 Intercepts
    MATH_IRT          68.143      1.487     45.819      0.000

 Residual Variances
    MATH_IRT         243.614     22.811     10.680      0.000

Latent Class 4

 MATH_IRT   ON
    FEMALE            -0.480      0.915     -0.524      0.600

 Means
    N#1               -7.000      0.000    999.000    999.000
    N#2               -3.236      0.000    999.000    999.000
    N#3               -3.631      0.000    999.000    999.000

 Intercepts
    MATH_IRT          68.789      1.444     47.634      0.000

 Residual Variances
    MATH_IRT         195.294     21.069      9.269      0.000

Categorical Latent Variables

 C#1        ON
    FEMALE            -0.862      0.121     -7.145      0.000

 C#2        ON
    FEMALE            -0.572      0.146     -3.917      0.000

 C#3        ON
    FEMALE            -0.607      0.134     -4.510      0.000

 Intercepts
    C#1                0.427      0.087      4.908      0.000
    C#2                0.248      0.109      2.264      0.024
    C#3                0.029      0.099      0.294      0.769

New/Additional Parameters
    DIFF12             6.357      1.839      3.457      0.001
    DIFF13             4.201      2.234      1.880      0.060
    DIFF23            -2.156      1.791     -1.203      0.229
    DIFF14             3.555      1.676      2.121      0.034
    DIFF24            -2.801      2.140     -1.309      0.191
    DIFF34            -0.646      1.943     -0.332      0.740


QUALITY OF NUMERICAL RESULTS

     Condition Number for the Information Matrix              0.585E-03
       (ratio of smallest to largest eigenvalue)


LOGISTIC REGRESSION ODDS RATIO RESULTS

                                                95% C.I.
                    Estimate       S.E.  Lower 2.5% Upper 2.5%

Categorical Latent Variables

 C#1      ON
    FEMALE             0.422      0.051      0.333      0.535

 C#2      ON
    FEMALE             0.564      0.082      0.424      0.751

 C#3      ON
    FEMALE             0.545      0.073      0.419      0.710


ALTERNATIVE PARAMETERIZATIONS FOR THE CATEGORICAL LATENT VARIABLE REGRESSION

                                                    Two-Tailed
                    Estimate       S.E.  Est./S.E.    P-Value

Parameterization using Reference Class 1

 C#2      ON
    FEMALE             0.290      0.127      2.279      0.023

 C#3      ON
    FEMALE             0.256      0.144      1.779      0.075

 C#4      ON
    FEMALE             0.862      0.121      7.145      0.000

 Intercepts
    C#2               -0.180      0.083     -2.165      0.030
    C#3               -0.398      0.093     -4.261      0.000
    C#4               -0.427      0.087     -4.908      0.000

Parameterization using Reference Class 2

 C#1      ON
    FEMALE            -0.290      0.127     -2.279      0.023

 C#3      ON
    FEMALE            -0.035      0.131     -0.264      0.792

 C#4      ON
    FEMALE             0.572      0.146      3.917      0.000

 Intercepts
    C#1                0.180      0.083      2.165      0.030
    C#3               -0.219      0.089     -2.463      0.014
    C#4               -0.248      0.109     -2.264      0.024

Parameterization using Reference Class 3

 C#1      ON
    FEMALE            -0.256      0.144     -1.779      0.075

 C#2      ON
    FEMALE             0.035      0.131      0.264      0.792

 C#4      ON
    FEMALE             0.607      0.134      4.510      0.000

 Intercepts
    C#1                0.398      0.093      4.261      0.000
    C#2                0.219      0.089      2.463      0.014
    C#4               -0.029      0.099     -0.294      0.769


ODDS RATIO FOR THE ALTERNATIVE PARAMETERIZATIONS FOR THE CATEGORICAL LATENT VARIABLE REGRESSION

                                                95% C.I.
                    Estimate       S.E.  Lower 2.5% Upper 2.5%

Parameterization using Reference Class 1

 C#2      ON
    FEMALE             1.337      0.170      1.041      1.715

 C#3      ON
    FEMALE             1.291      0.185      0.974      1.711

 C#4      ON
    FEMALE             2.368      0.286      1.869      3.000

Parameterization using Reference Class 2

 C#1      ON
    FEMALE             0.748      0.095      0.583      0.960

 C#3      ON
    FEMALE             0.966      0.127      0.747      1.249

 C#4      ON
    FEMALE             1.772      0.259      1.331      2.359

Parameterization using Reference Class 3

 C#1      ON
    FEMALE             0.774      0.111      0.584      1.026

 C#2      ON
    FEMALE             1.035      0.136      0.801      1.338

 C#4      ON
    FEMALE             1.834      0.247      1.409      2.387


DIAGRAM INFORMATION

  Mplus diagrams are currently not available for Mixture analysis.
  No diagram output was produced.


     Beginning Time:  12:11:43
        Ending Time:  12:11:43
       Elapsed Time:  00:00:00



MUTHEN & MUTHEN
3463 Stoner Ave.
Los Angeles, CA  90066

Tel: (310) 391-9971
Fax: (310) 391-8971
Web: www.StatModel.com
Support: Support@StatModel.com

Copyright (c) 1998-2022 Muthen & Muthen
